2023-09-18T14:11:56.708+05:30  INFO 8900 --- [main] c.r.StudentManagementDbApplicationTests  : Starting StudentManagementDbApplicationTests using Java 17.0.7 with PID 8900 (started by ts in C:\Users\ts\Desktop\GaneshVSpring\StudentManagementDB)
2023-09-18T14:11:56.721+05:30  INFO 8900 --- [main] c.r.StudentManagementDbApplicationTests  : No active profile set, falling back to 1 default profile: "default"
2023-09-18T14:11:58.379+05:30  INFO 8900 --- [main] .s.d.r.c.RepositoryConfigurationDelegate : Bootstrapping Spring Data JPA repositories in DEFAULT mode.
2023-09-18T14:11:58.511+05:30  INFO 8900 --- [main] .s.d.r.c.RepositoryConfigurationDelegate : Finished Spring Data repository scanning in 113 ms. Found 1 JPA repository interfaces.
2023-09-18T14:11:59.186+05:30  INFO 8900 --- [main] trationDelegate$BeanPostProcessorChecker : Bean 'org.springframework.ws.config.annotation.DelegatingWsConfiguration' of type [org.springframework.ws.config.annotation.DelegatingWsConfiguration$$SpringCGLIB$$0] is not eligible for getting processed by all BeanPostProcessors (for example: not eligible for auto-proxying)
2023-09-18T14:11:59.266+05:30  INFO 8900 --- [main] .w.s.a.s.AnnotationActionEndpointMapping : Supporting [WS-Addressing August 2004, WS-Addressing 1.0]
2023-09-18T14:11:59.744+05:30  INFO 8900 --- [main] o.hibernate.jpa.internal.util.LogHelper  : HHH000204: Processing PersistenceUnitInfo [name: default]
2023-09-18T14:11:59.912+05:30  INFO 8900 --- [main] org.hibernate.Version                    : HHH000412: Hibernate ORM core version 6.2.6.Final
2023-09-18T14:11:59.917+05:30  INFO 8900 --- [main] org.hibernate.cfg.Environment            : HHH000406: Using bytecode reflection optimizer
2023-09-18T14:12:00.276+05:30  INFO 8900 --- [main] o.h.b.i.BytecodeProviderInitiator        : HHH000021: Bytecode provider name : bytebuddy
2023-09-18T14:12:00.564+05:30  INFO 8900 --- [main] o.s.o.j.p.SpringPersistenceUnitInfo      : No LoadTimeWeaver setup: ignoring JPA class transformer
2023-09-18T14:12:00.606+05:30  INFO 8900 --- [main] com.zaxxer.hikari.HikariDataSource       : HikariPool-1 - Starting...
2023-09-18T14:12:01.324+05:30  INFO 8900 --- [main] com.zaxxer.hikari.pool.HikariPool        : HikariPool-1 - Added connection com.mysql.cj.jdbc.ConnectionImpl@53b7bf01
2023-09-18T14:12:01.328+05:30  INFO 8900 --- [main] com.zaxxer.hikari.HikariDataSource       : HikariPool-1 - Start completed.
2023-09-18T14:12:01.974+05:30  INFO 8900 --- [main] o.h.b.i.BytecodeProviderInitiator        : HHH000021: Bytecode provider name : bytebuddy
2023-09-18T14:12:03.197+05:30  INFO 8900 --- [main] o.h.e.t.j.p.i.JtaPlatformInitiator       : HHH000490: Using JtaPlatform implementation: [org.hibernate.engine.transaction.jta.platform.internal.NoJtaPlatform]
2023-09-18T14:12:03.337+05:30  INFO 8900 --- [main] j.LocalContainerEntityManagerFactoryBean : Initialized JPA EntityManagerFactory for persistence unit 'default'
2023-09-18T14:12:03.881+05:30  INFO 8900 --- [main] o.s.d.j.r.query.QueryEnhancerFactory     : Hibernate is in classpath; If applicable, HQL parser will be used.
2023-09-18T14:12:05.188+05:30  WARN 8900 --- [main] JpaBaseConfiguration$JpaWebConfiguration : spring.jpa.open-in-view is enabled by default. Therefore, database queries may be performed during view rendering. Explicitly configure spring.jpa.open-in-view to disable this warning
2023-09-18T14:12:05.844+05:30  INFO 8900 --- [main] c.r.StudentManagementDbApplicationTests  : Started StudentManagementDbApplicationTests in 9.702 seconds (process running for 11.55)
2023-09-18T14:12:06.853+05:30  INFO 8900 --- [SpringApplicationShutdownHook] j.LocalContainerEntityManagerFactoryBean : Closing JPA EntityManagerFactory for persistence unit 'default'
2023-09-18T14:12:06.859+05:30  INFO 8900 --- [SpringApplicationShutdownHook] com.zaxxer.hikari.HikariDataSource       : HikariPool-1 - Shutdown initiated...
2023-09-18T14:12:06.884+05:30  INFO 8900 --- [SpringApplicationShutdownHook] com.zaxxer.hikari.HikariDataSource       : HikariPool-1 - Shutdown completed.
2023-09-18T14:13:16.811+05:30  INFO 7292 --- [main] c.r.StudentManagementDbApplicationTests  : Starting StudentManagementDbApplicationTests using Java 17.0.7 with PID 7292 (started by ts in C:\Users\ts\Desktop\GaneshVSpring\StudentManagementDB)
2023-09-18T14:13:16.815+05:30  INFO 7292 --- [main] c.r.StudentManagementDbApplicationTests  : No active profile set, falling back to 1 default profile: "default"
2023-09-18T14:13:18.327+05:30  INFO 7292 --- [main] .s.d.r.c.RepositoryConfigurationDelegate : Bootstrapping Spring Data JPA repositories in DEFAULT mode.
2023-09-18T14:13:18.443+05:30  INFO 7292 --- [main] .s.d.r.c.RepositoryConfigurationDelegate : Finished Spring Data repository scanning in 101 ms. Found 1 JPA repository interfaces.
2023-09-18T14:13:19.348+05:30  INFO 7292 --- [main] trationDelegate$BeanPostProcessorChecker : Bean 'org.springframework.ws.config.annotation.DelegatingWsConfiguration' of type [org.springframework.ws.config.annotation.DelegatingWsConfiguration$$SpringCGLIB$$0] is not eligible for getting processed by all BeanPostProcessors (for example: not eligible for auto-proxying)
2023-09-18T14:13:19.411+05:30  INFO 7292 --- [main] .w.s.a.s.AnnotationActionEndpointMapping : Supporting [WS-Addressing August 2004, WS-Addressing 1.0]
2023-09-18T14:13:19.767+05:30  INFO 7292 --- [main] o.hibernate.jpa.internal.util.LogHelper  : HHH000204: Processing PersistenceUnitInfo [name: default]
2023-09-18T14:13:19.888+05:30  INFO 7292 --- [main] org.hibernate.Version                    : HHH000412: Hibernate ORM core version 6.2.6.Final
2023-09-18T14:13:19.903+05:30  INFO 7292 --- [main] org.hibernate.cfg.Environment            : HHH000406: Using bytecode reflection optimizer
2023-09-18T14:13:20.246+05:30  INFO 7292 --- [main] o.h.b.i.BytecodeProviderInitiator        : HHH000021: Bytecode provider name : bytebuddy
2023-09-18T14:13:20.547+05:30  INFO 7292 --- [main] o.s.o.j.p.SpringPersistenceUnitInfo      : No LoadTimeWeaver setup: ignoring JPA class transformer
2023-09-18T14:13:20.582+05:30  INFO 7292 --- [main] com.zaxxer.hikari.HikariDataSource       : HikariPool-1 - Starting...
2023-09-18T14:13:21.438+05:30  INFO 7292 --- [main] com.zaxxer.hikari.pool.HikariPool        : HikariPool-1 - Added connection com.mysql.cj.jdbc.ConnectionImpl@61554b6b
2023-09-18T14:13:21.442+05:30  INFO 7292 --- [main] com.zaxxer.hikari.HikariDataSource       : HikariPool-1 - Start completed.
2023-09-18T14:13:22.172+05:30  INFO 7292 --- [main] o.h.b.i.BytecodeProviderInitiator        : HHH000021: Bytecode provider name : bytebuddy
2023-09-18T14:13:23.160+05:30  INFO 7292 --- [main] o.h.e.t.j.p.i.JtaPlatformInitiator       : HHH000490: Using JtaPlatform implementation: [org.hibernate.engine.transaction.jta.platform.internal.NoJtaPlatform]
2023-09-18T14:13:23.234+05:30  INFO 7292 --- [main] j.LocalContainerEntityManagerFactoryBean : Initialized JPA EntityManagerFactory for persistence unit 'default'
2023-09-18T14:13:23.757+05:30  INFO 7292 --- [main] o.s.d.j.r.query.QueryEnhancerFactory     : Hibernate is in classpath; If applicable, HQL parser will be used.
2023-09-18T14:13:24.919+05:30  WARN 7292 --- [main] JpaBaseConfiguration$JpaWebConfiguration : spring.jpa.open-in-view is enabled by default. Therefore, database queries may be performed during view rendering. Explicitly configure spring.jpa.open-in-view to disable this warning
2023-09-18T14:13:25.588+05:30  INFO 7292 --- [main] c.r.StudentManagementDbApplicationTests  : Started StudentManagementDbApplicationTests in 9.314 seconds (process running for 11.243)
2023-09-18T14:13:26.665+05:30  INFO 7292 --- [SpringApplicationShutdownHook] j.LocalContainerEntityManagerFactoryBean : Closing JPA EntityManagerFactory for persistence unit 'default'
2023-09-18T14:13:26.670+05:30  INFO 7292 --- [SpringApplicationShutdownHook] com.zaxxer.hikari.HikariDataSource       : HikariPool-1 - Shutdown initiated...
2023-09-18T14:13:26.683+05:30  INFO 7292 --- [SpringApplicationShutdownHook] com.zaxxer.hikari.HikariDataSource       : HikariPool-1 - Shutdown completed.
